ABCsampler Logfile
*******************
Reading inputfile 'Model1_calibration.input' ..... done!
Random generator initialized with seed -207828
Performing a Standard Simulation

Filenames
**********
Prefix for output files: SSSP_output
Name of file with prior definitions: Model1.est
Reading priors and rules 'Model1.est' ... done:
 -4 Priors
 -0 Combined Priors
 -0 Rules
Names of the simulation input files:
 -'Model1.par'
Corresponding names of the temporal simulation input files:
 -'Model1-temp.par'
Using simulation program: 'simcoal2'

Initialization
**********
create first input file and initialize ....
The following file is read to get the summary statistics: 'summary_stats_temp.txt'
Reading observed data file 'Scate_17micro_SSSP.obs' ... done, read 9 Data
File 'Model1-temp_0.arp' is located here: 'Model1-temp/Model1-temp_0.arp':
Using SumStat program: 'arlsumstat'
  -number of observed Statistics: 9
  -number of simulated Statistics: 25
All Statistics are written in one single Outputfile.
Number of simulations to perform: 20000
Number of repeats per parameter vector is set to: 1

Simulations
**********
Loop is started.....
0/20000
50/20000
100/20000
150/20000
200/20000
250/20000
300/20000
350/20000
400/20000
450/20000
500/20000
550/20000
600/20000
650/20000
700/20000
750/20000
800/20000
850/20000
900/20000
950/20000
1000/20000
1050/20000
1100/20000
1150/20000
1200/20000
1250/20000
1300/20000
1350/20000
1400/20000
1450/20000
1500/20000
1550/20000
1600/20000
1650/20000
1700/20000
1750/20000
1800/20000
1850/20000
1900/20000
1950/20000
2000/20000
2050/20000
2100/20000
2150/20000
2200/20000
2250/20000
2300/20000
2350/20000
2400/20000
2450/20000
2500/20000
2550/20000
2600/20000
2650/20000
2700/20000
2750/20000
2800/20000
2850/20000
2900/20000
2950/20000
3000/20000
3050/20000
3100/20000
3150/20000
3200/20000
3250/20000
3300/20000
3350/20000
3400/20000
3450/20000
3500/20000
3550/20000
3600/20000
3650/20000
3700/20000
3750/20000
3800/20000
3850/20000
3900/20000
3950/20000
4000/20000
4050/20000
4100/20000
4150/20000
4200/20000
4250/20000
4300/20000
4350/20000
4400/20000
4450/20000
4500/20000
4550/20000
4600/20000
4650/20000
4700/20000
4750/20000
4800/20000
4850/20000
4900/20000
4950/20000
5000/20000
5050/20000
5100/20000
5150/20000
5200/20000
5250/20000
5300/20000
5350/20000
5400/20000
5450/20000
5500/20000
5550/20000
5600/20000
5650/20000
5700/20000
5750/20000
5800/20000
5850/20000
5900/20000
5950/20000
6000/20000
6050/20000
6100/20000
6150/20000
6200/20000
6250/20000
6300/20000
6350/20000
6400/20000
6450/20000
6500/20000
6550/20000
6600/20000
6650/20000
6700/20000
6750/20000
6800/20000
6850/20000
6900/20000
6950/20000
7000/20000
7050/20000
7100/20000
7150/20000
7200/20000
7250/20000
7300/20000
7350/20000
7400/20000
7450/20000
7500/20000
7550/20000
7600/20000
7650/20000
7700/20000
7750/20000
7800/20000
7850/20000
7900/20000
7950/20000
8000/20000
8050/20000
8100/20000
8150/20000
8200/20000
8250/20000
8300/20000
8350/20000
8400/20000
8450/20000
8500/20000
8550/20000
8600/20000
8650/20000
8700/20000
8750/20000
8800/20000
8850/20000
8900/20000
8950/20000
9000/20000
9050/20000
9100/20000
9150/20000
9200/20000
9250/20000
9300/20000
9350/20000
9400/20000
9450/20000
9500/20000
9550/20000
9600/20000
9650/20000
9700/20000
9750/20000
9800/20000
9850/20000
9900/20000
9950/20000
10000/20000
10050/20000
10100/20000
10150/20000
10200/20000
10250/20000
10300/20000
10350/20000
10400/20000
10450/20000
10500/20000
10550/20000
10600/20000
10650/20000
10700/20000
10750/20000
10800/20000
10850/20000
10900/20000
10950/20000
11000/20000
11050/20000
11100/20000
11150/20000
11200/20000
11250/20000
11300/20000
11350/20000
11400/20000
11450/20000
11500/20000
11550/20000
11600/20000
11650/20000
11700/20000
11750/20000
11800/20000
11850/20000
11900/20000
11950/20000
12000/20000
12050/20000
12100/20000
12150/20000
12200/20000
12250/20000
12300/20000
12350/20000
12400/20000
12450/20000
12500/20000
12550/20000
12600/20000
12650/20000
12700/20000
12750/20000
12800/20000
12850/20000
12900/20000
12950/20000
13000/20000
13050/20000
13100/20000
13150/20000
13200/20000
13250/20000
13300/20000
13350/20000
13400/20000
13450/20000
13500/20000
13550/20000
13600/20000
13650/20000
13700/20000
13750/20000
13800/20000
13850/20000
13900/20000
13950/20000
14000/20000
14050/20000
14100/20000
14150/20000
14200/20000
14250/20000
14300/20000
14350/20000
14400/20000
14450/20000
14500/20000
14550/20000
14600/20000
14650/20000
14700/20000
14750/20000
14800/20000
14850/20000
14900/20000
14950/20000
15000/20000
15050/20000
15100/20000
15150/20000
15200/20000
15250/20000
15300/20000
15350/20000
15400/20000
15450/20000
15500/20000
15550/20000
15600/20000
15650/20000
15700/20000
15750/20000
15800/20000
15850/20000
15900/20000
15950/20000
16000/20000
16050/20000
16100/20000
16150/20000
16200/20000
16250/20000
16300/20000
16350/20000
16400/20000
16450/20000
16500/20000
16550/20000
16600/20000
16650/20000
16700/20000
16750/20000
16800/20000
16850/20000
16900/20000
16950/20000
17000/20000
17050/20000
17100/20000
17150/20000
17200/20000
17250/20000
17300/20000
17350/20000
17400/20000
17450/20000
17500/20000
17550/20000
17600/20000
17650/20000
17700/20000
17750/20000
17800/20000
17850/20000
17900/20000
17950/20000
18000/20000
18050/20000
18100/20000
18150/20000
18200/20000
18250/20000
18300/20000
18350/20000
18400/20000
18450/20000
18500/20000
18550/20000
18600/20000
18650/20000
18700/20000
18750/20000
18800/20000
18850/20000
18900/20000
18950/20000
19000/20000
19050/20000
19100/20000
19150/20000
19200/20000
19250/20000
19300/20000
19350/20000
19400/20000
19450/20000
19500/20000
19550/20000
19600/20000
19650/20000
19700/20000
19750/20000
19800/20000
19850/20000
19900/20000
19950/20000
End of Program!!
